/*C7*/SET SCHEMA PUBLIC
set database SQL regular names false
set database SQL syntax ora true
set database transaction control MVLocks
DISCONNECT
/*C9*/SET SCHEMA PUBLIC
DISCONNECT
/*C10*/SET SCHEMA PUBLIC
INSERT INTO NODE_EVENTS VALUES(9,'agentUnregistered',NULL,NULL,NULL,'MAIN_SERVER','2019-07-09 20:44:42.797000')
COMMIT
DELETE FROM NODE_TASKS WHERE ID=3
INSERT INTO NODE_TASKS VALUES(3,'periodicalCheckingForChanges','periodicalCheckingForChanges',NULL,NULL,NULL,'MAIN_SERVER','MAIN_SERVER',119553129,'2019-07-09 20:12:11.762000','2019-07-09 20:44:43.841000')
COMMIT
DELETE FROM NODE_TASKS WHERE ID=4
INSERT INTO NODE_TASKS VALUES(4,'periodicalCheckingForChanges','periodicalCheckingForChanges',NULL,NULL,NULL,'MAIN_SERVER','MAIN_SERVER',1,'2019-07-09 20:32:32.130000',NULL)
COMMIT
/*C11*/SET SCHEMA PUBLIC
INSERT INTO NODE_TASKS VALUES(5,'periodicalCheckingForChanges','periodicalCheckingForChanges',NULL,NULL,NULL,'MAIN_SERVER',NULL,0,'2019-07-09 20:46:12.713000',NULL)
COMMIT
DELETE FROM AGENT WHERE ID=1
INSERT INTO AGENT VALUES(1,'teamcity_agent_1','172.19.0.2',9090,1,1,0,0,1562703423249,1562704057686,'Agent has unregistered (will upgrade)','4c0e129efb5ffada886f6a6fd922579b',NULL,NULL)
COMMIT
DELETE FROM AGENT WHERE ID=1
INSERT INTO AGENT VALUES(1,'teamcity_agent_1','172.19.0.2',9090,1,1,0,0,1562703423249,1562704057686,'Agent has unregistered (will upgrade)','4c0e129efb5ffada886f6a6fd922579b',NULL,NULL)
COMMIT
DELETE FROM AGENT WHERE ID=1
INSERT INTO AGENT VALUES(1,'teamcity_agent_1','172.19.0.2',9090,1,1,0,0,1562703423249,1562704057686,'Agent has unregistered (will upgrade)','4c0e129efb5ffada886f6a6fd922579b',NULL,NULL)
COMMIT
DELETE FROM AGENT WHERE ID=1
INSERT INTO AGENT VALUES(1,'teamcity_agent_1','172.19.0.2',9090,1,1,0,1,1562705183445,1562704057686,NULL,'4c0e129efb5ffada886f6a6fd922579b',NULL,NULL)
COMMIT
DELETE FROM AGENT WHERE ID=1
INSERT INTO AGENT VALUES(1,'teamcity_agent_1','172.19.0.2',9090,1,1,0,1,1562705183445,1562705183685,NULL,'4c0e129efb5ffada886f6a6fd922579b',NULL,NULL)
COMMIT
INSERT INTO NODE_EVENTS VALUES(10,'agentUpdated',1,NULL,'66192:66192:NA:66192-md5-0bd0383b0f81f70b96b05a5bd4396d81','MAIN_SERVER','2019-07-09 20:46:23.725000')
COMMIT
INSERT INTO NODE_EVENTS VALUES(11,'agentRegistered',1,NULL,'66192:66192:NA:66192-md5-0bd0383b0f81f70b96b05a5bd4396d81','MAIN_SERVER','2019-07-09 20:46:23.800000')
COMMIT
DELETE FROM AGENT WHERE ID=1
INSERT INTO AGENT VALUES(1,'teamcity_agent_1','172.19.0.2',9090,1,1,0,1,1562705183445,1562705185073,NULL,'4c0e129efb5ffada886f6a6fd922579b',NULL,NULL)
COMMIT
DELETE FROM AGENT WHERE ID=1
INSERT INTO AGENT VALUES(1,'teamcity_agent_1','172.19.0.2',9090,1,1,0,0,1562705183445,1562705185073,'Agent has unregistered (will upgrade)','4c0e129efb5ffada886f6a6fd922579b',NULL,NULL)
COMMIT
INSERT INTO NODE_EVENTS VALUES(12,'agentUnregistered',1,NULL,NULL,'MAIN_SERVER','2019-07-09 20:46:25.104000')
COMMIT
INSERT INTO SERVER_STATISTICS VALUES(1,0,1562705226203)
COMMIT
INSERT INTO SERVER_STATISTICS VALUES(3,3,1562705226203)
COMMIT
INSERT INTO SERVER_STATISTICS VALUES(2,0,1562705226203)
COMMIT
DELETE FROM AGENT WHERE ID=1
INSERT INTO AGENT VALUES(1,'teamcity_agent_1','172.19.0.2',9090,1,1,0,0,1562705183445,1562705185073,'Agent has unregistered (will upgrade)','4c0e129efb5ffada886f6a6fd922579b',NULL,NULL)
COMMIT
DELETE FROM AGENT WHERE ID=1
INSERT INTO AGENT VALUES(1,'teamcity_agent_1','172.19.0.2',9090,1,1,0,0,1562705183445,1562705185073,'Agent has unregistered (will upgrade)','4c0e129efb5ffada886f6a6fd922579b',NULL,NULL)
COMMIT
DELETE FROM AGENT WHERE ID=1
INSERT INTO AGENT VALUES(1,'teamcity_agent_1','172.19.0.2',9090,1,1,0,0,1562705183445,1562705185073,'Agent has unregistered (will upgrade)','4c0e129efb5ffada886f6a6fd922579b',NULL,NULL)
COMMIT
DELETE FROM AGENT_TYPE_INFO WHERE AGENT_TYPE_ID=1
INSERT INTO AGENT_TYPE_INFO VALUES(1,'Linux, version 4.9.125-linuxkit',561,'2019-07-09 20:47:32.837000','2019-07-09 20:47:32.837000')
INSERT INTO AGENT_TYPE_RUNNER VALUES(1,'ssh-exec-runner')
INSERT INTO AGENT_TYPE_RUNNER VALUES(1,'dotnet.cli')
INSERT INTO AGENT_TYPE_RUNNER VALUES(1,'smb-deploy-runner')
INSERT INTO AGENT_TYPE_RUNNER VALUES(1,'SBT')
INSERT INTO AGENT_TYPE_RUNNER VALUES(1,'Ant')
INSERT INTO AGENT_TYPE_RUNNER VALUES(1,'Duplicator')
INSERT INTO AGENT_TYPE_RUNNER VALUES(1,'cargo-deploy-runner')
INSERT INTO AGENT_TYPE_RUNNER VALUES(1,'Inspection')
INSERT INTO AGENT_TYPE_RUNNER VALUES(1,'JPS')
INSERT INTO AGENT_TYPE_RUNNER VALUES(1,'ssh-deploy-runner')
INSERT INTO AGENT_TYPE_RUNNER VALUES(1,'gradle-runner')
INSERT INTO AGENT_TYPE_RUNNER VALUES(1,'simpleRunner')
INSERT INTO AGENT_TYPE_RUNNER VALUES(1,'Maven2')
INSERT INTO AGENT_TYPE_RUNNER VALUES(1,'jetbrains_powershell')
INSERT INTO AGENT_TYPE_RUNNER VALUES(1,'rake-runner')
INSERT INTO AGENT_TYPE_RUNNER VALUES(1,'ftp-deploy-runner')
INSERT INTO AGENT_TYPE_VCS VALUES(1,'tfs')
INSERT INTO AGENT_TYPE_VCS VALUES(1,'cvs')
INSERT INTO AGENT_TYPE_VCS VALUES(1,'jetbrains.git')
INSERT INTO AGENT_TYPE_VCS VALUES(1,'mercurial')
INSERT INTO AGENT_TYPE_VCS VALUES(1,'svn')
INSERT INTO AGENT_TYPE_VCS VALUES(1,'perforce')
DELETE FROM AGENT_TYPE_PARAM WHERE AGENT_TYPE_ID=1 AND PARAM_KIND='B' AND PARAM_NAME='env.CONFIG_FILE'
DELETE FROM AGENT_TYPE_PARAM WHERE AGENT_TYPE_ID=1 AND PARAM_KIND='B' AND PARAM_NAME='env.HOME'
DELETE FROM AGENT_TYPE_PARAM WHERE AGENT_TYPE_ID=1 AND PARAM_KIND='B' AND PARAM_NAME='env.HOSTNAME'
DELETE FROM AGENT_TYPE_PARAM WHERE AGENT_TYPE_ID=1 AND PARAM_KIND='B' AND PARAM_NAME='env.JAVA_HOME'
DELETE FROM AGENT_TYPE_PARAM WHERE AGENT_TYPE_ID=1 AND PARAM_KIND='B' AND PARAM_NAME='env.JAVA_TOOL_OPTIONS'
DELETE FROM AGENT_TYPE_PARAM WHERE AGENT_TYPE_ID=1 AND PARAM_KIND='B' AND PARAM_NAME='env.JAVA_VERSION'
DELETE FROM AGENT_TYPE_PARAM WHERE AGENT_TYPE_ID=1 AND PARAM_KIND='B' AND PARAM_NAME='env.LANG'
DELETE FROM AGENT_TYPE_PARAM WHERE AGENT_TYPE_ID=1 AND PARAM_KIND='B' AND PARAM_NAME='env.OLDPWD'
DELETE FROM AGENT_TYPE_PARAM WHERE AGENT_TYPE_ID=1 AND PARAM_KIND='B' AND PARAM_NAME='env.PATH'
DELETE FROM AGENT_TYPE_PARAM WHERE AGENT_TYPE_ID=1 AND PARAM_KIND='B' AND PARAM_NAME='env.PWD'
DELETE FROM AGENT_TYPE_PARAM WHERE AGENT_TYPE_ID=1 AND PARAM_KIND='B' AND PARAM_NAME='env.SERVER_URL'
DELETE FROM AGENT_TYPE_PARAM WHERE AGENT_TYPE_ID=1 AND PARAM_KIND='B' AND PARAM_NAME='env.SHLVL'
DELETE FROM AGENT_TYPE_PARAM WHERE AGENT_TYPE_ID=1 AND PARAM_KIND='B' AND PARAM_NAME='env._'
DELETE FROM AGENT_TYPE_PARAM WHERE AGENT_TYPE_ID=1 AND PARAM_KIND='B' AND PARAM_NAME='system.agent.home.dir'
DELETE FROM AGENT_TYPE_PARAM WHERE AGENT_TYPE_ID=1 AND PARAM_KIND='B' AND PARAM_NAME='system.agent.name'
DELETE FROM AGENT_TYPE_PARAM WHERE AGENT_TYPE_ID=1 AND PARAM_KIND='B' AND PARAM_NAME='system.agent.work.dir'
DELETE FROM AGENT_TYPE_PARAM WHERE AGENT_TYPE_ID=1 AND PARAM_KIND='B' AND PARAM_NAME='system.teamcity.agent.cpuBenchmark'
DELETE FROM AGENT_TYPE_PARAM WHERE AGENT_TYPE_ID=1 AND PARAM_KIND='B' AND PARAM_NAME='system.teamcity.build.tempDir'
DELETE FROM AGENT_TYPE_PARAM WHERE AGENT_TYPE_ID=1 AND PARAM_KIND='C' AND PARAM_NAME='teamcity.agent.home.dir'
DELETE FROM AGENT_TYPE_PARAM WHERE AGENT_TYPE_ID=1 AND PARAM_KIND='C' AND PARAM_NAME='teamcity.agent.hostname'
DELETE FROM AGENT_TYPE_PARAM WHERE AGENT_TYPE_ID=1 AND PARAM_KIND='C' AND PARAM_NAME='teamcity.agent.jvm.file.encoding'
DELETE FROM AGENT_TYPE_PARAM WHERE AGENT_TYPE_ID=1 AND PARAM_KIND='C' AND PARAM_NAME='teamcity.agent.jvm.file.separator'
DELETE FROM AGENT_TYPE_PARAM WHERE AGENT_TYPE_ID=1 AND PARAM_KIND='C' AND PARAM_NAME='teamcity.agent.jvm.java.home'
DELETE FROM AGENT_TYPE_PARAM WHERE AGENT_TYPE_ID=1 AND PARAM_KIND='C' AND PARAM_NAME='teamcity.agent.jvm.os.arch'
DELETE FROM AGENT_TYPE_PARAM WHERE AGENT_TYPE_ID=1 AND PARAM_KIND='C' AND PARAM_NAME='teamcity.agent.jvm.os.name'
DELETE FROM AGENT_TYPE_PARAM WHERE AGENT_TYPE_ID=1 AND PARAM_KIND='C' AND PARAM_NAME='teamcity.agent.jvm.os.version'
DELETE FROM AGENT_TYPE_PARAM WHERE AGENT_TYPE_ID=1 AND PARAM_KIND='C' AND PARAM_NAME='teamcity.agent.jvm.path.separator'
DELETE FROM AGENT_TYPE_PARAM WHERE AGENT_TYPE_ID=1 AND PARAM_KIND='C' AND PARAM_NAME='teamcity.agent.jvm.specification'
DELETE FROM AGENT_TYPE_PARAM WHERE AGENT_TYPE_ID=1 AND PARAM_KIND='C' AND PARAM_NAME='teamcity.agent.jvm.user.home'
DELETE FROM AGENT_TYPE_PARAM WHERE AGENT_TYPE_ID=1 AND PARAM_KIND='C' AND PARAM_NAME='teamcity.agent.jvm.user.language'
DELETE FROM AGENT_TYPE_PARAM WHERE AGENT_TYPE_ID=1 AND PARAM_KIND='C' AND PARAM_NAME='teamcity.agent.jvm.user.name'
DELETE FROM AGENT_TYPE_PARAM WHERE AGENT_TYPE_ID=1 AND PARAM_KIND='C' AND PARAM_NAME='teamcity.agent.jvm.user.timezone'
DELETE FROM AGENT_TYPE_PARAM WHERE AGENT_TYPE_ID=1 AND PARAM_KIND='C' AND PARAM_NAME='teamcity.agent.jvm.version'
DELETE FROM AGENT_TYPE_PARAM WHERE AGENT_TYPE_ID=1 AND PARAM_KIND='C' AND PARAM_NAME='teamcity.agent.launcher.version'
DELETE FROM AGENT_TYPE_PARAM WHERE AGENT_TYPE_ID=1 AND PARAM_KIND='C' AND PARAM_NAME='teamcity.agent.name'
DELETE FROM AGENT_TYPE_PARAM WHERE AGENT_TYPE_ID=1 AND PARAM_KIND='C' AND PARAM_NAME='teamcity.agent.os.arch.bits'
DELETE FROM AGENT_TYPE_PARAM WHERE AGENT_TYPE_ID=1 AND PARAM_KIND='C' AND PARAM_NAME='teamcity.agent.ownPort'
DELETE FROM AGENT_TYPE_PARAM WHERE AGENT_TYPE_ID=1 AND PARAM_KIND='C' AND PARAM_NAME='teamcity.agent.protocol'
DELETE FROM AGENT_TYPE_PARAM WHERE AGENT_TYPE_ID=1 AND PARAM_KIND='C' AND PARAM_NAME='teamcity.agent.tools.dir'
DELETE FROM AGENT_TYPE_PARAM WHERE AGENT_TYPE_ID=1 AND PARAM_KIND='C' AND PARAM_NAME='teamcity.agent.work.dir'
DELETE FROM AGENT_TYPE_PARAM WHERE AGENT_TYPE_ID=1 AND PARAM_KIND='C' AND PARAM_NAME='teamcity.serverUrl'
INSERT INTO AGENT_TYPE_PARAM VALUES(1,'B','env.PWD','/opt/buildagent/bin')
INSERT INTO AGENT_TYPE_PARAM VALUES(1,'B','env.LANG','C.UTF-8')
INSERT INTO AGENT_TYPE_PARAM VALUES(1,'B','env.JDK_18','/opt/java/openjdk')
INSERT INTO AGENT_TYPE_PARAM VALUES(1,'B','system.teamcity.build.tempDir','/opt/buildagent/temp/buildTmp')
INSERT INTO AGENT_TYPE_PARAM VALUES(1,'B','env.HOME','/root')
INSERT INTO AGENT_TYPE_PARAM VALUES(1,'B','system.teamcity.agent.cpuBenchmark','561')
INSERT INTO AGENT_TYPE_PARAM VALUES(1,'B','env.PATH','/opt/java/openjdk/bin:/usr/local/sbin:/usr/local/bin:/usr/sbin:/usr/bin:/sbin:/bin')
INSERT INTO AGENT_TYPE_PARAM VALUES(1,'B','env.JAVA_HOME','/opt/java/openjdk')
INSERT INTO AGENT_TYPE_PARAM VALUES(1,'B','env.TEAMCITY_CAPTURE_ENV','"/opt/java/openjdk/jre/bin/java" -jar "/opt/buildagent/plugins/environment-fetcher/bin/env-fetcher.jar"')
INSERT INTO AGENT_TYPE_PARAM VALUES(1,'B','system.agent.home.dir','/opt/buildagent')
INSERT INTO AGENT_TYPE_PARAM VALUES(1,'B','system.agent.work.dir','/opt/buildagent/work')
INSERT INTO AGENT_TYPE_PARAM VALUES(1,'B','env.JRE_HOME','/opt/java/openjdk')
INSERT INTO AGENT_TYPE_PARAM VALUES(1,'B','env.CONFIG_FILE','/data/teamcity_agent/conf/buildAgent.properties')
INSERT INTO AGENT_TYPE_PARAM VALUES(1,'B','env.JAVA_TOOL_OPTIONS','-XX:+UnlockExperimentalVMOptions -XX:+UseCGroupMemoryLimitForHeap')
INSERT INTO AGENT_TYPE_PARAM VALUES(1,'B','env.JDK_HOME','/opt/java/openjdk')
INSERT INTO AGENT_TYPE_PARAM VALUES(1,'B','env.JDK_18_x64','/opt/java/openjdk')
INSERT INTO AGENT_TYPE_PARAM VALUES(1,'B','env.SERVER_URL','server:8111')
INSERT INTO AGENT_TYPE_PARAM VALUES(1,'B','env.HOSTNAME','0d63d7e04fe7')
INSERT INTO AGENT_TYPE_PARAM VALUES(1,'B','env.JAVA_VERSION','jdk8u192-b12')
INSERT INTO AGENT_TYPE_PARAM VALUES(1,'B','env._','/opt/buildagent/bin/agent.sh')
INSERT INTO AGENT_TYPE_PARAM VALUES(1,'B','env.SHLVL','1')
INSERT INTO AGENT_TYPE_PARAM VALUES(1,'B','env.OLDPWD','/opt/buildagent/bin')
INSERT INTO AGENT_TYPE_PARAM VALUES(1,'B','system.agent.name','teamcity_agent_1')
INSERT INTO AGENT_TYPE_PARAM VALUES(1,'C','teamcity.agent.os.arch.bits','64')
INSERT INTO AGENT_TYPE_PARAM VALUES(1,'C','teamcity.agent.work.dir','/opt/buildagent/work')
INSERT INTO AGENT_TYPE_PARAM VALUES(1,'C','teamcity.tool.TeamCity.Dotnet.Integration.1.0.7','/opt/buildagent/plugins/dotnet.cli/tools/TeamCity.Dotnet.Integration.1.0.7')
INSERT INTO AGENT_TYPE_PARAM VALUES(1,'C','teamcity.agent.work.dir.freeSpaceMb','51735')
INSERT INTO AGENT_TYPE_PARAM VALUES(1,'C','teamcity.tool.gant','/opt/buildagent/tools/gant')
INSERT INTO AGENT_TYPE_PARAM VALUES(1,'C','teamcity.agent.jvm.file.encoding','UTF-8')
INSERT INTO AGENT_TYPE_PARAM VALUES(1,'C','teamcity.agent.jvm.file.separator','/')
INSERT INTO AGENT_TYPE_PARAM VALUES(1,'C','teamcity.tool.TeamCity.Dotnet.Integration.DEFAULT','/opt/buildagent/plugins/dotnet.cli/tools/TeamCity.Dotnet.Integration.1.0.7')
INSERT INTO AGENT_TYPE_PARAM VALUES(1,'C','teamcity.agent.jvm.user.name','root')
INSERT INTO AGENT_TYPE_PARAM VALUES(1,'C','teamcity.serverUrl','http://server:8111')
INSERT INTO AGENT_TYPE_PARAM VALUES(1,'C','teamcity.agent.jvm.os.name','Linux')
INSERT INTO AGENT_TYPE_PARAM VALUES(1,'C','teamcity.agent.hostname','0d63d7e04fe7')
INSERT INTO AGENT_TYPE_PARAM VALUES(1,'C','teamcity.agent.jvm.user.timezone','GMT')
INSERT INTO AGENT_TYPE_PARAM VALUES(1,'C','teamcity.agent.jvm.specification','1.8')
INSERT INTO AGENT_TYPE_PARAM VALUES(1,'C','teamcity.agent.ownPort','9090')
INSERT INTO AGENT_TYPE_PARAM VALUES(1,'C','teamcity.agent.home.dir','/opt/buildagent')
INSERT INTO AGENT_TYPE_PARAM VALUES(1,'C','teamcity.agent.jvm.os.arch','amd64')
INSERT INTO AGENT_TYPE_PARAM VALUES(1,'C','teamcity.tool.TeamCity.Dotnet.Integration.BUNDLED','/opt/buildagent/plugins/dotnet.cli/tools/TeamCity.Dotnet.Integration.1.0.7')
INSERT INTO AGENT_TYPE_PARAM VALUES(1,'C','teamcity.agent.jvm.os.version','4.9.125-linuxkit')
INSERT INTO AGENT_TYPE_PARAM VALUES(1,'C','teamcity.agent.launcher.version','66192')
INSERT INTO AGENT_TYPE_PARAM VALUES(1,'C','teamcity.agent.tools.dir','/opt/buildagent/tools')
INSERT INTO AGENT_TYPE_PARAM VALUES(1,'C','teamcity.agent.jvm.version','1.8.0_192')
INSERT INTO AGENT_TYPE_PARAM VALUES(1,'C','teamcity.tool.jps','/opt/buildagent/tools/jps')
INSERT INTO AGENT_TYPE_PARAM VALUES(1,'C','teamcity.agent.jvm.user.language','en')
INSERT INTO AGENT_TYPE_PARAM VALUES(1,'C','teamcity.tool.idea-runner-runtime-libs','/opt/buildagent/plugins/idea-runner-runtime-libs')
INSERT INTO AGENT_TYPE_PARAM VALUES(1,'C','teamcity.agent.jvm.java.home','/opt/java/openjdk/jre')
INSERT INTO AGENT_TYPE_PARAM VALUES(1,'C','teamcity.agent.name','teamcity_agent_1')
INSERT INTO AGENT_TYPE_PARAM VALUES(1,'C','teamcity.agent.hardware.memorySizeMb','1999')
INSERT INTO AGENT_TYPE_PARAM VALUES(1,'C','teamcity.agent.jvm.path.separator',':')
INSERT INTO AGENT_TYPE_PARAM VALUES(1,'C','teamcity.tool.ant-net-tasks','/opt/buildagent/tools/ant-net-tasks')
INSERT INTO AGENT_TYPE_PARAM VALUES(1,'C','teamcity.agent.hardware.cpuCount','2')
INSERT INTO AGENT_TYPE_PARAM VALUES(1,'C','teamcity.agent.jvm.user.home','/root')
COMMIT
INSERT INTO NODE_EVENTS VALUES(13,'agentDescriptionUpdated',1,1,NULL,'MAIN_SERVER','2019-07-09 20:47:33.150000')
COMMIT
DELETE FROM AGENT WHERE ID=1
INSERT INTO AGENT VALUES(1,'teamcity_agent_1','172.19.0.2',9090,1,1,0,1,1562705252780,1562705185073,NULL,'4c0e129efb5ffada886f6a6fd922579b',NULL,NULL)
COMMIT
DELETE FROM AGENT WHERE ID=1
INSERT INTO AGENT VALUES(1,'teamcity_agent_1','172.19.0.2',9090,1,1,0,1,1562705252780,1562705253151,NULL,'4c0e129efb5ffada886f6a6fd922579b',NULL,NULL)
COMMIT
INSERT INTO NODE_EVENTS VALUES(14,'agentUpdated',1,NULL,'66192:66192:66192-md5-0bd0383b0f81f70b96b05a5bd4396d81:66192-md5-0bd0383b0f81f70b96b05a5bd4396d81','MAIN_SERVER','2019-07-09 20:47:33.160000')
COMMIT
/*C10*/INSERT INTO NODE_EVENTS VALUES(15,'agentRegistered',1,NULL,'66192:66192:66192-md5-0bd0383b0f81f70b96b05a5bd4396d81:66192-md5-0bd0383b0f81f70b96b05a5bd4396d81','MAIN_SERVER','2019-07-09 20:47:33.209000')
COMMIT
DELETE FROM AGENT_TYPE_INFO WHERE AGENT_TYPE_ID=1
INSERT INTO AGENT_TYPE_INFO VALUES(1,'Linux, version 4.9.125-linuxkit',561,'2019-07-09 20:47:35.263000','2019-07-09 20:47:35.263000')
DELETE FROM AGENT_TYPE_PARAM WHERE AGENT_TYPE_ID=1 AND PARAM_KIND='B' AND PARAM_NAME='env.CONFIG_FILE'
DELETE FROM AGENT_TYPE_PARAM WHERE AGENT_TYPE_ID=1 AND PARAM_KIND='B' AND PARAM_NAME='env.HOME'
DELETE FROM AGENT_TYPE_PARAM WHERE AGENT_TYPE_ID=1 AND PARAM_KIND='B' AND PARAM_NAME='env.HOSTNAME'
DELETE FROM AGENT_TYPE_PARAM WHERE AGENT_TYPE_ID=1 AND PARAM_KIND='B' AND PARAM_NAME='env.JAVA_HOME'
DELETE FROM AGENT_TYPE_PARAM WHERE AGENT_TYPE_ID=1 AND PARAM_KIND='B' AND PARAM_NAME='env.JAVA_TOOL_OPTIONS'
DELETE FROM AGENT_TYPE_PARAM WHERE AGENT_TYPE_ID=1 AND PARAM_KIND='B' AND PARAM_NAME='env.JAVA_VERSION'
DELETE FROM AGENT_TYPE_PARAM WHERE AGENT_TYPE_ID=1 AND PARAM_KIND='B' AND PARAM_NAME='env.JDK_18'
DELETE FROM AGENT_TYPE_PARAM WHERE AGENT_TYPE_ID=1 AND PARAM_KIND='B' AND PARAM_NAME='env.JDK_18_x64'
DELETE FROM AGENT_TYPE_PARAM WHERE AGENT_TYPE_ID=1 AND PARAM_KIND='B' AND PARAM_NAME='env.JDK_HOME'
DELETE FROM AGENT_TYPE_PARAM WHERE AGENT_TYPE_ID=1 AND PARAM_KIND='B' AND PARAM_NAME='env.JRE_HOME'
DELETE FROM AGENT_TYPE_PARAM WHERE AGENT_TYPE_ID=1 AND PARAM_KIND='B' AND PARAM_NAME='env.LANG'
DELETE FROM AGENT_TYPE_PARAM WHERE AGENT_TYPE_ID=1 AND PARAM_KIND='B' AND PARAM_NAME='env.OLDPWD'
DELETE FROM AGENT_TYPE_PARAM WHERE AGENT_TYPE_ID=1 AND PARAM_KIND='B' AND PARAM_NAME='env.PATH'
DELETE FROM AGENT_TYPE_PARAM WHERE AGENT_TYPE_ID=1 AND PARAM_KIND='B' AND PARAM_NAME='env.PWD'
DELETE FROM AGENT_TYPE_PARAM WHERE AGENT_TYPE_ID=1 AND PARAM_KIND='B' AND PARAM_NAME='env.SERVER_URL'
DELETE FROM AGENT_TYPE_PARAM WHERE AGENT_TYPE_ID=1 AND PARAM_KIND='B' AND PARAM_NAME='env.SHLVL'
DELETE FROM AGENT_TYPE_PARAM WHERE AGENT_TYPE_ID=1 AND PARAM_KIND='B' AND PARAM_NAME='env.TEAMCITY_CAPTURE_ENV'
DELETE FROM AGENT_TYPE_PARAM WHERE AGENT_TYPE_ID=1 AND PARAM_KIND='B' AND PARAM_NAME='env._'
DELETE FROM AGENT_TYPE_PARAM WHERE AGENT_TYPE_ID=1 AND PARAM_KIND='B' AND PARAM_NAME='system.agent.home.dir'
DELETE FROM AGENT_TYPE_PARAM WHERE AGENT_TYPE_ID=1 AND PARAM_KIND='B' AND PARAM_NAME='system.agent.name'
DELETE FROM AGENT_TYPE_PARAM WHERE AGENT_TYPE_ID=1 AND PARAM_KIND='B' AND PARAM_NAME='system.agent.work.dir'
DELETE FROM AGENT_TYPE_PARAM WHERE AGENT_TYPE_ID=1 AND PARAM_KIND='B' AND PARAM_NAME='system.teamcity.agent.cpuBenchmark'
DELETE FROM AGENT_TYPE_PARAM WHERE AGENT_TYPE_ID=1 AND PARAM_KIND='B' AND PARAM_NAME='system.teamcity.build.tempDir'
DELETE FROM AGENT_TYPE_PARAM WHERE AGENT_TYPE_ID=1 AND PARAM_KIND='C' AND PARAM_NAME='teamcity.agent.hardware.cpuCount'
DELETE FROM AGENT_TYPE_PARAM WHERE AGENT_TYPE_ID=1 AND PARAM_KIND='C' AND PARAM_NAME='teamcity.agent.hardware.memorySizeMb'
DELETE FROM AGENT_TYPE_PARAM WHERE AGENT_TYPE_ID=1 AND PARAM_KIND='C' AND PARAM_NAME='teamcity.agent.home.dir'
DELETE FROM AGENT_TYPE_PARAM WHERE AGENT_TYPE_ID=1 AND PARAM_KIND='C' AND PARAM_NAME='teamcity.agent.hostname'
DELETE FROM AGENT_TYPE_PARAM WHERE AGENT_TYPE_ID=1 AND PARAM_KIND='C' AND PARAM_NAME='teamcity.agent.jvm.file.encoding'
DELETE FROM AGENT_TYPE_PARAM WHERE AGENT_TYPE_ID=1 AND PARAM_KIND='C' AND PARAM_NAME='teamcity.agent.jvm.file.separator'
DELETE FROM AGENT_TYPE_PARAM WHERE AGENT_TYPE_ID=1 AND PARAM_KIND='C' AND PARAM_NAME='teamcity.agent.jvm.java.home'
DELETE FROM AGENT_TYPE_PARAM WHERE AGENT_TYPE_ID=1 AND PARAM_KIND='C' AND PARAM_NAME='teamcity.agent.jvm.os.arch'
DELETE FROM AGENT_TYPE_PARAM WHERE AGENT_TYPE_ID=1 AND PARAM_KIND='C' AND PARAM_NAME='teamcity.agent.jvm.os.name'
DELETE FROM AGENT_TYPE_PARAM WHERE AGENT_TYPE_ID=1 AND PARAM_KIND='C' AND PARAM_NAME='teamcity.agent.jvm.os.version'
DELETE FROM AGENT_TYPE_PARAM WHERE AGENT_TYPE_ID=1 AND PARAM_KIND='C' AND PARAM_NAME='teamcity.agent.jvm.path.separator'
DELETE FROM AGENT_TYPE_PARAM WHERE AGENT_TYPE_ID=1 AND PARAM_KIND='C' AND PARAM_NAME='teamcity.agent.jvm.specification'
DELETE FROM AGENT_TYPE_PARAM WHERE AGENT_TYPE_ID=1 AND PARAM_KIND='C' AND PARAM_NAME='teamcity.agent.jvm.user.home'
DELETE FROM AGENT_TYPE_PARAM WHERE AGENT_TYPE_ID=1 AND PARAM_KIND='C' AND PARAM_NAME='teamcity.agent.jvm.user.language'
DELETE FROM AGENT_TYPE_PARAM WHERE AGENT_TYPE_ID=1 AND PARAM_KIND='C' AND PARAM_NAME='teamcity.agent.jvm.user.name'
DELETE FROM AGENT_TYPE_PARAM WHERE AGENT_TYPE_ID=1 AND PARAM_KIND='C' AND PARAM_NAME='teamcity.agent.jvm.user.timezone'
DELETE FROM AGENT_TYPE_PARAM WHERE AGENT_TYPE_ID=1 AND PARAM_KIND='C' AND PARAM_NAME='teamcity.agent.jvm.version'
DELETE FROM AGENT_TYPE_PARAM WHERE AGENT_TYPE_ID=1 AND PARAM_KIND='C' AND PARAM_NAME='teamcity.agent.launcher.version'
DELETE FROM AGENT_TYPE_PARAM WHERE AGENT_TYPE_ID=1 AND PARAM_KIND='C' AND PARAM_NAME='teamcity.agent.name'
DELETE FROM AGENT_TYPE_PARAM WHERE AGENT_TYPE_ID=1 AND PARAM_KIND='C' AND PARAM_NAME='teamcity.agent.os.arch.bits'
DELETE FROM AGENT_TYPE_PARAM WHERE AGENT_TYPE_ID=1 AND PARAM_KIND='C' AND PARAM_NAME='teamcity.agent.ownPort'
DELETE FROM AGENT_TYPE_PARAM WHERE AGENT_TYPE_ID=1 AND PARAM_KIND='C' AND PARAM_NAME='teamcity.agent.tools.dir'
DELETE FROM AGENT_TYPE_PARAM WHERE AGENT_TYPE_ID=1 AND PARAM_KIND='C' AND PARAM_NAME='teamcity.agent.work.dir'
DELETE FROM AGENT_TYPE_PARAM WHERE AGENT_TYPE_ID=1 AND PARAM_KIND='C' AND PARAM_NAME='teamcity.agent.work.dir.freeSpaceMb'
DELETE FROM AGENT_TYPE_PARAM WHERE AGENT_TYPE_ID=1 AND PARAM_KIND='C' AND PARAM_NAME='teamcity.serverUrl'
DELETE FROM AGENT_TYPE_PARAM WHERE AGENT_TYPE_ID=1 AND PARAM_KIND='C' AND PARAM_NAME='teamcity.tool.TeamCity.Dotnet.Integration.1.0.7'
DELETE FROM AGENT_TYPE_PARAM WHERE AGENT_TYPE_ID=1 AND PARAM_KIND='C' AND PARAM_NAME='teamcity.tool.TeamCity.Dotnet.Integration.BUNDLED'
DELETE FROM AGENT_TYPE_PARAM WHERE AGENT_TYPE_ID=1 AND PARAM_KIND='C' AND PARAM_NAME='teamcity.tool.TeamCity.Dotnet.Integration.DEFAULT'
DELETE FROM AGENT_TYPE_PARAM WHERE AGENT_TYPE_ID=1 AND PARAM_KIND='C' AND PARAM_NAME='teamcity.tool.ant-net-tasks'
DELETE FROM AGENT_TYPE_PARAM WHERE AGENT_TYPE_ID=1 AND PARAM_KIND='C' AND PARAM_NAME='teamcity.tool.gant'
DELETE FROM AGENT_TYPE_PARAM WHERE AGENT_TYPE_ID=1 AND PARAM_KIND='C' AND PARAM_NAME='teamcity.tool.idea-runner-runtime-libs'
DELETE FROM AGENT_TYPE_PARAM WHERE AGENT_TYPE_ID=1 AND PARAM_KIND='C' AND PARAM_NAME='teamcity.tool.jps'
INSERT INTO AGENT_TYPE_PARAM VALUES(1,'B','env.PWD','/opt/buildagent/bin')
INSERT INTO AGENT_TYPE_PARAM VALUES(1,'B','env.LANG','C.UTF-8')
INSERT INTO AGENT_TYPE_PARAM VALUES(1,'B','env.JDK_18','/opt/java/openjdk')
INSERT INTO AGENT_TYPE_PARAM VALUES(1,'B','system.teamcity.build.tempDir','/opt/buildagent/temp/buildTmp')
INSERT INTO AGENT_TYPE_PARAM VALUES(1,'B','env.HOME','/root')
INSERT INTO AGENT_TYPE_PARAM VALUES(1,'B','system.teamcity.agent.cpuBenchmark','561')
INSERT INTO AGENT_TYPE_PARAM VALUES(1,'B','env.PATH','/opt/java/openjdk/bin:/usr/local/sbin:/usr/local/bin:/usr/sbin:/usr/bin:/sbin:/bin')
INSERT INTO AGENT_TYPE_PARAM VALUES(1,'B','env.JAVA_HOME','/opt/java/openjdk')
INSERT INTO AGENT_TYPE_PARAM VALUES(1,'B','env.TEAMCITY_CAPTURE_ENV','"/opt/java/openjdk/jre/bin/java" -jar "/opt/buildagent/plugins/environment-fetcher/bin/env-fetcher.jar"')
INSERT INTO AGENT_TYPE_PARAM VALUES(1,'B','system.agent.home.dir','/opt/buildagent')
INSERT INTO AGENT_TYPE_PARAM VALUES(1,'B','system.agent.work.dir','/opt/buildagent/work')
INSERT INTO AGENT_TYPE_PARAM VALUES(1,'B','env.JRE_HOME','/opt/java/openjdk')
INSERT INTO AGENT_TYPE_PARAM VALUES(1,'B','env.CONFIG_FILE','/data/teamcity_agent/conf/buildAgent.properties')
INSERT INTO AGENT_TYPE_PARAM VALUES(1,'B','env.JAVA_TOOL_OPTIONS','-XX:+UnlockExperimentalVMOptions -XX:+UseCGroupMemoryLimitForHeap')
INSERT INTO AGENT_TYPE_PARAM VALUES(1,'B','env.JDK_HOME','/opt/java/openjdk')
INSERT INTO AGENT_TYPE_PARAM VALUES(1,'B','env.JDK_18_x64','/opt/java/openjdk')
INSERT INTO AGENT_TYPE_PARAM VALUES(1,'B','env.SERVER_URL','server:8111')
INSERT INTO AGENT_TYPE_PARAM VALUES(1,'B','env.HOSTNAME','0d63d7e04fe7')
INSERT INTO AGENT_TYPE_PARAM VALUES(1,'B','env.JAVA_VERSION','jdk8u192-b12')
INSERT INTO AGENT_TYPE_PARAM VALUES(1,'B','env._','/opt/buildagent/bin/agent.sh')
INSERT INTO AGENT_TYPE_PARAM VALUES(1,'B','env.SHLVL','1')
INSERT INTO AGENT_TYPE_PARAM VALUES(1,'B','env.OLDPWD','/opt/buildagent/bin')
INSERT INTO AGENT_TYPE_PARAM VALUES(1,'B','system.agent.name','teamcity_agent_1')
INSERT INTO AGENT_TYPE_PARAM VALUES(1,'C','teamcity.agent.os.arch.bits','64')
INSERT INTO AGENT_TYPE_PARAM VALUES(1,'C','teamcity.agent.work.dir','/opt/buildagent/work')
INSERT INTO AGENT_TYPE_PARAM VALUES(1,'C','teamcity.tool.TeamCity.Dotnet.Integration.1.0.7','/opt/buildagent/plugins/dotnet.cli/tools/TeamCity.Dotnet.Integration.1.0.7')
INSERT INTO AGENT_TYPE_PARAM VALUES(1,'C','teamcity.agent.work.dir.freeSpaceMb','51735')
INSERT INTO AGENT_TYPE_PARAM VALUES(1,'C','teamcity.tool.gant','/opt/buildagent/tools/gant')
INSERT INTO AGENT_TYPE_PARAM VALUES(1,'C','teamcity.agent.jvm.file.encoding','UTF-8')
INSERT INTO AGENT_TYPE_PARAM VALUES(1,'C','teamcity.agent.jvm.file.separator','/')
INSERT INTO AGENT_TYPE_PARAM VALUES(1,'C','teamcity.tool.TeamCity.Dotnet.Integration.DEFAULT','/opt/buildagent/plugins/dotnet.cli/tools/TeamCity.Dotnet.Integration.1.0.7')
INSERT INTO AGENT_TYPE_PARAM VALUES(1,'C','teamcity.agent.jvm.user.name','root')
INSERT INTO AGENT_TYPE_PARAM VALUES(1,'C','teamcity.serverUrl','http://server:8111')
INSERT INTO AGENT_TYPE_PARAM VALUES(1,'C','teamcity.agent.jvm.os.name','Linux')
INSERT INTO AGENT_TYPE_PARAM VALUES(1,'C','teamcity.agent.hostname','0d63d7e04fe7')
INSERT INTO AGENT_TYPE_PARAM VALUES(1,'C','teamcity.agent.jvm.user.timezone','GMT')
INSERT INTO AGENT_TYPE_PARAM VALUES(1,'C','teamcity.agent.jvm.specification','1.8')
INSERT INTO AGENT_TYPE_PARAM VALUES(1,'C','teamcity.agent.ownPort','9090')
INSERT INTO AGENT_TYPE_PARAM VALUES(1,'C','teamcity.agent.home.dir','/opt/buildagent')
INSERT INTO AGENT_TYPE_PARAM VALUES(1,'C','teamcity.agent.jvm.os.arch','amd64')
INSERT INTO AGENT_TYPE_PARAM VALUES(1,'C','teamcity.agent.protocol','polling')
INSERT INTO AGENT_TYPE_PARAM VALUES(1,'C','teamcity.tool.TeamCity.Dotnet.Integration.BUNDLED','/opt/buildagent/plugins/dotnet.cli/tools/TeamCity.Dotnet.Integration.1.0.7')
INSERT INTO AGENT_TYPE_PARAM VALUES(1,'C','teamcity.agent.jvm.os.version','4.9.125-linuxkit')
INSERT INTO AGENT_TYPE_PARAM VALUES(1,'C','teamcity.agent.launcher.version','66192')
INSERT INTO AGENT_TYPE_PARAM VALUES(1,'C','teamcity.agent.tools.dir','/opt/buildagent/tools')
INSERT INTO AGENT_TYPE_PARAM VALUES(1,'C','teamcity.agent.jvm.version','1.8.0_192')
INSERT INTO AGENT_TYPE_PARAM VALUES(1,'C','teamcity.tool.jps','/opt/buildagent/tools/jps')
INSERT INTO AGENT_TYPE_PARAM VALUES(1,'C','teamcity.agent.jvm.user.language','en')
INSERT INTO AGENT_TYPE_PARAM VALUES(1,'C','teamcity.tool.idea-runner-runtime-libs','/opt/buildagent/plugins/idea-runner-runtime-libs')
INSERT INTO AGENT_TYPE_PARAM VALUES(1,'C','teamcity.agent.jvm.java.home','/opt/java/openjdk/jre')
INSERT INTO AGENT_TYPE_PARAM VALUES(1,'C','teamcity.agent.name','teamcity_agent_1')
INSERT INTO AGENT_TYPE_PARAM VALUES(1,'C','teamcity.agent.hardware.memorySizeMb','1999')
INSERT INTO AGENT_TYPE_PARAM VALUES(1,'C','teamcity.agent.jvm.path.separator',':')
INSERT INTO AGENT_TYPE_PARAM VALUES(1,'C','teamcity.tool.ant-net-tasks','/opt/buildagent/tools/ant-net-tasks')
INSERT INTO AGENT_TYPE_PARAM VALUES(1,'C','teamcity.agent.hardware.cpuCount','2')
INSERT INTO AGENT_TYPE_PARAM VALUES(1,'C','teamcity.agent.jvm.user.home','/root')
COMMIT
INSERT INTO NODE_EVENTS VALUES(16,'agentDescriptionUpdated',1,1,NULL,'MAIN_SERVER','2019-07-09 20:47:35.394000')
COMMIT
INSERT INTO REMEMBER_ME VALUES('0^-42',-3170622005376055326)
COMMIT
INSERT INTO NODE_EVENTS VALUES(17,'rememberMeUpdated',NULL,NULL,NULL,'MAIN_SERVER','2019-07-09 20:47:55.075000')
COMMIT
DELETE FROM AGENT WHERE ID=1
INSERT INTO AGENT VALUES(1,'teamcity_agent_1','172.19.0.2',9090,1,1,1,1,1562705252780,1562705253151,NULL,'4c0e129efb5ffada886f6a6fd922579b',NULL,NULL)
COMMIT
INSERT INTO COMMENTS VALUES(1,-42,1562705298134,'')
COMMIT
INSERT INTO ACTION_HISTORY VALUES('1',1,11,NULL)
COMMIT
/*C11*/INSERT INTO NODE_EVENTS VALUES(18,'agentUpdated',1,NULL,'66192:66192:66192-md5-0bd0383b0f81f70b96b05a5bd4396d81:66192-md5-0bd0383b0f81f70b96b05a5bd4396d81','MAIN_SERVER','2019-07-09 20:48:18.152000')
COMMIT
/*C13*/SET SCHEMA PUBLIC
INSERT INTO PROJECT VALUES('project1','07461b21-cb38-4905-86c1-482009edbb5b',NULL,NULL)
INSERT INTO PROJECT_MAPPING VALUES('project1','Teamcity','1')
COMMIT
INSERT INTO AGENT_POOL_PROJECT VALUES(0,'project1')
COMMIT
INSERT INTO NODE_EVENTS VALUES(19,'agentPoolUpdated',0,NULL,NULL,'MAIN_SERVER','2019-07-09 20:51:10.433000')
COMMIT
INSERT INTO COMMENTS VALUES(2,-42,1562705470518,'')
COMMIT
INSERT INTO ACTION_HISTORY VALUES('project1',2,19,NULL)
COMMIT
INSERT INTO VCS_ROOT VALUES(1,'d72e5d91-db52-4c33-8f1d-fd5e6d26d543',NULL,NULL)
INSERT INTO VCS_ROOT_MAPPING VALUES(1,'Teamcity_HttpsGithubComSchwrrringTeamcityGitRefsHeadsMaster','1')
COMMIT
INSERT INTO COMMENTS VALUES(3,-42,1562705470613,'In project: Teamcity')
COMMIT
INSERT INTO ACTION_HISTORY VALUES('1',3,24,NULL)
COMMIT
INSERT INTO BUILD_TYPE VALUES('bt1','afe04606-52d8-4728-9b32-9419f0c65f75',NULL,NULL)
INSERT INTO BUILD_TYPE_MAPPING VALUES('bt1','Teamcity_Build','1')
COMMIT
INSERT INTO COMMENTS VALUES(4,-42,1562705471673,'')
COMMIT
INSERT INTO ACTION_HISTORY VALUES('bt1',4,17,NULL)
COMMIT
INSERT INTO CUSTOM_DATA_BODY VALUES(1,0,1,'',1562705471791)
COMMIT
INSERT INTO CUSTOM_DATA VALUES('a50e5f9068383938ae76bcec8c4508f090719af1',0,'buildType:bt1','storage:diskusage',1)
COMMIT
INSERT INTO CUSTOM_DATA_BODY VALUES(2,0,1,'',1562705472043)
COMMIT
INSERT INTO CUSTOM_DATA VALUES('53b481f1365240830dbb0bbe032d0d61476a59f0',0,'buildType:bt1','jetbrains.buildServer.buildTriggers.vcs.VcsBuildTriggerService_vcsTrigger',2)
COMMIT
INSERT INTO VCS_ROOT_INSTANCE VALUES(1,1,-7257981836065107857,'agentCleanFilesPolicy=ALL_UNTRACKED\u000aagentCleanPolicy=ON_BRANCH_CHANGE\u000aauthMethod=ANONYMOUS\u000abranch=refs/heads/master\u000aignoreKnownHosts=true\u000asubmoduleCheckout=CHECKOUT\u000ateamcity:vcsRootName=https://github.com/schwrrring/teamcity.git#refs/heads/master\u000aurl=https://github.com/schwrrring/teamcity.git\u000auseAlternates=true\u000ausernameStyle=USERID\u000avcs=jetbrains.git\u000a')
COMMIT
INSERT INTO CUSTOM_DATA_BODY VALUES(3,0,1,'',1562705472653)
COMMIT
INSERT INTO CUSTOM_DATA VALUES('d02a2986a1e963c11625737496b0e67b2b32ec2d',0,'vcsRoot:1','1:state',3)
COMMIT
DELETE FROM CUSTOM_DATA_BODY WHERE ID=3 AND PART_NUM=0 AND TOTAL_PARTS=1 AND DATA_BODY='' AND UPDATE_DATE=1562705472653
INSERT INTO CUSTOM_DATA_BODY VALUES(3,0,1,'##teamcity##:createTime=1562705477818\u000a##teamcity##:defaultBranch=refs/heads/master\u000arefs/heads/master=9490a86192145fb1d1e06836d0e9c6389bc3117d\u000a',1562705478045)
COMMIT
INSERT INTO NODE_EVENTS VALUES(20,'repositoryStateChanged',1,NULL,NULL,'MAIN_SERVER','2019-07-09 20:51:18.160000')
COMMIT
INSERT INTO VCS_ROOT_FIRST_REVISION VALUES('bt1',1,-3751311748372691819,'9490a86192145fb1d1e06836d0e9c6389bc3117d')
COMMIT
INSERT INTO CUSTOM_DATA_BODY VALUES(4,0,1,'',1562705478207)
COMMIT
INSERT INTO CUSTOM_DATA VALUES('09860bc03103ba691d76185b865a36b42fd1b766',0,'buildType:bt1','firstBranchRevisionTrackerRootStorage',4)
COMMIT
INSERT INTO CUSTOM_DATA_BODY VALUES(5,0,1,'',1562705478232)
COMMIT
INSERT INTO CUSTOM_DATA VALUES('e7b1b3c33f92188a88422a8a84938ad22f4049ba',0,'buildType:bt1','firstBranchRevisionTrackerRevStorage:1:1_-2223765811167872118',5)
COMMIT
INSERT INTO CUSTOM_DATA_BODY VALUES(6,0,1,'',1562705478251)
COMMIT
INSERT INTO CUSTOM_DATA VALUES('129e0c874146b1d3f855364e6019a3bd2a195461',0,'buildType:bt1','firstBranchRevisionTrackerSettingsChangeStorage:1:1_-2223765811167872118',6)
COMMIT
INSERT INTO CUSTOM_DATA_BODY VALUES(7,0,1,'',1562705478259)
COMMIT
INSERT INTO CUSTOM_DATA VALUES('420d2033c1131954b71b62f7f5fe9a3865545cdf',0,'buildType:bt1','jetbrains.buildServer.buildTriggers.vcs.VcsRootChangesLoader',7)
COMMIT
DELETE FROM CUSTOM_DATA_BODY WHERE ID=7 AND PART_NUM=0 AND TOTAL_PARTS=1 AND DATA_BODY='' AND UPDATE_DATE=1562705478259
INSERT INTO CUSTOM_DATA_BODY VALUES(7,0,1,'prevBranchSpec-1=\u000aprevRootInstance-1=1\u000a',1562705478268)
COMMIT
INSERT INTO NODE_EVENTS VALUES(21,'buildTypesBranchesMayHaveChanged',NULL,NULL,'bt1,','MAIN_SERVER','2019-07-09 20:51:18.310000')
COMMIT
/*C12*/SET SCHEMA PUBLIC
INSERT INTO CUSTOM_DATA_BODY VALUES(8,0,1,'',1562705478310)
COMMIT
INSERT INTO CUSTOM_DATA VALUES('9368067c638131a8cec6ee59cd2a999f0067a63e',0,'vcsRoot:1','1:pollingState',8)
COMMIT
INSERT INTO NODE_EVENTS VALUES(22,'projectConfigChanged',NULL,NULL,'Teamcity','MAIN_SERVER','2019-07-09 20:51:24.290000')
COMMIT
DELETE FROM CUSTOM_DATA_BODY WHERE ID=4 AND PART_NUM=0 AND TOTAL_PARTS=1 AND DATA_BODY='' AND UPDATE_DATE=1562705478207
INSERT INTO CUSTOM_DATA_BODY VALUES(4,0,1,'1=1_-2223765811167872118\u000av:1=2\u000a',1562705565303)
COMMIT
DELETE FROM CUSTOM_DATA_BODY WHERE ID=2 AND PART_NUM=0 AND TOTAL_PARTS=1 AND DATA_BODY='' AND UPDATE_DATE=1562705472043
INSERT INTO CUSTOM_DATA_BODY VALUES(2,0,1,'lastTriggeredBy-<default>=-1\u000ateamcityPrevCallTimestamp=1562705472335\u000a',1562705565312)
COMMIT
DELETE FROM CUSTOM_DATA_BODY WHERE ID=5 AND PART_NUM=0 AND TOTAL_PARTS=1 AND DATA_BODY='' AND UPDATE_DATE=1562705478232
INSERT INTO CUSTOM_DATA_BODY VALUES(5,0,1,'refs/heads/master=9490a86192145fb1d1e06836d0e9c6389bc3117d\u000a',1562705565315)
COMMIT
DELETE FROM CUSTOM_DATA_BODY WHERE ID=1 AND PART_NUM=0 AND TOTAL_PARTS=1 AND DATA_BODY='' AND UPDATE_DATE=1562705471791
INSERT INTO CUSTOM_DATA_BODY VALUES(1,0,1,'diskusagedata={"ver":1,"log":0,"art":0,"artI":0,"non":0,"totBuilds":0,"cleanBuilds":0,"cleanSize":0,"date":1562705471820}\u000a',1562705565317)
COMMIT
DELETE FROM CUSTOM_DATA_BODY WHERE ID=6 AND PART_NUM=0 AND TOTAL_PARTS=1 AND DATA_BODY='' AND UPDATE_DATE=1562705478251
INSERT INTO CUSTOM_DATA_BODY VALUES(6,0,1,'refs/heads/master=9490a86192145fb1d1e06836d0e9c6389bc3117d\u000a',1562705565324)
COMMIT
DELETE FROM CUSTOM_DATA_BODY WHERE ID=8 AND PART_NUM=0 AND TOTAL_PARTS=1 AND DATA_BODY='' AND UPDATE_DATE=1562705478310
INSERT INTO CUSTOM_DATA_BODY VALUES(8,0,1,'lastCheckingForChangesTime=1562705547868\u000a',1562705565327)
COMMIT
DELETE FROM CUSTOM_DATA_BODY WHERE ID=3 AND PART_NUM=0 AND TOTAL_PARTS=1 AND DATA_BODY='##teamcity##:createTime=1562705477818\u000a##teamcity##:defaultBranch=refs/heads/master\u000arefs/heads/master=9490a86192145fb1d1e06836d0e9c6389bc3117d\u000a' AND UPDATE_DATE=1562705478045
INSERT INTO CUSTOM_DATA_BODY VALUES(3,0,1,'##teamcity##:createTime=1562705547684\u000a##teamcity##:defaultBranch=refs/heads/master\u000arefs/heads/master=9490a86192145fb1d1e06836d0e9c6389bc3117d\u000a',1562705565328)
COMMIT
DELETE FROM AGENT WHERE ID=1
INSERT INTO AGENT VALUES(1,'teamcity_agent_1','172.19.0.2',9090,1,1,1,1,1562705252780,1562705574138,NULL,'4c0e129efb5ffada886f6a6fd922579b',NULL,NULL)
COMMIT
INSERT INTO NODE_EVENTS VALUES(23,'agentUpdated',1,NULL,'66192:66192:66192-md5-0bd0383b0f81f70b96b05a5bd4396d81:66192-md5-0bd0383b0f81f70b96b05a5bd4396d81','MAIN_SERVER','2019-07-09 20:52:54.149000')
COMMIT
DELETE FROM CUSTOM_DATA_BODY WHERE ID=8 AND PART_NUM=0 AND TOTAL_PARTS=1 AND DATA_BODY='lastCheckingForChangesTime=1562705547868\u000a' AND UPDATE_DATE=1562705565327
INSERT INTO CUSTOM_DATA_BODY VALUES(8,0,1,'lastCheckingForChangesTime=1562705617930\u000a',1562705685285)
COMMIT
DELETE FROM CUSTOM_DATA_BODY WHERE ID=3 AND PART_NUM=0 AND TOTAL_PARTS=1 AND DATA_BODY='##teamcity##:createTime=1562705547684\u000a##teamcity##:defaultBranch=refs/heads/master\u000arefs/heads/master=9490a86192145fb1d1e06836d0e9c6389bc3117d\u000a' AND UPDATE_DATE=1562705565328
INSERT INTO CUSTOM_DATA_BODY VALUES(3,0,1,'##teamcity##:createTime=1562705617915\u000a##teamcity##:defaultBranch=refs/heads/master\u000arefs/heads/master=9490a86192145fb1d1e06836d0e9c6389bc3117d\u000a',1562705685286)
COMMIT
INSERT INTO BUILD_STATE VALUES(1,NULL,'bt1',NULL,NULL,NULL,NULL,'0','0','0','0',NULL,1562705701181,NULL)
INSERT INTO BUILD_ATTRS VALUES(1,'teamcity.addToFavorites','false',NULL)
INSERT INTO BUILD_ATTRS VALUES(1,'teamcity.build.buildTypeArtifactsPath','Teamcity/Build',NULL)
INSERT INTO BUILD_PROJECT VALUES(1,0,'_Root')
INSERT INTO BUILD_PROJECT VALUES(1,1,'project1')
COMMIT
DELETE FROM BUILD_STATE WHERE ID=1
INSERT INTO BUILD_STATE VALUES(1,NULL,'bt1',NULL,NULL,NULL,NULL,'0','0','0','0',NULL,1562705701181,NULL)
COMMIT
INSERT INTO BUILD_QUEUE VALUES('bt1',NULL,NULL,'##userId=''-42'' type=''user''',0,1)
COMMIT
INSERT INTO NODE_EVENTS VALUES(24,'queueChanged',NULL,NULL,NULL,'MAIN_SERVER','2019-07-09 20:55:01.271000')
COMMIT
INSERT INTO COMMENTS VALUES(5,-42,1562705701286,'')
COMMIT
INSERT INTO ACTION_HISTORY VALUES('1',5,38,'bt1')
COMMIT
INSERT INTO BUILD_ATTRS VALUES(1,'teamcity.build.hasFrozenSettings','current',NULL)
COMMIT
INSERT INTO NODE_EVENTS VALUES(25,'buildPromotionPersisted',1,NULL,NULL,'MAIN_SERVER','2019-07-09 20:55:01.591000')
COMMIT
DELETE FROM BUILD_STATE WHERE ID=1
INSERT INTO BUILD_STATE VALUES(1,1,'bt1',NULL,NULL,NULL,NULL,'0','0','0','0',NULL,1562705701181,NULL)
COMMIT
INSERT INTO BUILD_ATTRS VALUES(1,'teamcity.build.settingsDigest','af5145d22a1a03afc8011624a2148fc9776543fe',NULL)
COMMIT
DELETE FROM BUILD_STATE WHERE ID=1
INSERT INTO BUILD_STATE VALUES(1,1,'bt1',NULL,NULL,NULL,NULL,'0','0','0','0',NULL,1562705701181,1562705701720)
COMMIT
INSERT INTO NODE_EVENTS VALUES(26,'buildPromotionPersisted',1,NULL,NULL,'MAIN_SERVER','2019-07-09 20:55:01.888000')
COMMIT
INSERT INTO RUNNING VALUES(1,1,'bt1',NULL,1562705701720,NULL,1562705701720,0,'%build.counter%',1,'##userId=''-42'' type=''user''','EqcPccQEORtcWyJ4ZSBi6ycefKWM5x9A',NULL,NULL,1,1,NULL,'','')
COMMIT
DELETE FROM BUILD_QUEUE WHERE BUILD_TYPE_ID='bt1' AND AGENT_RESTRICTOR_TYPE_ID IS NULL AND AGENT_RESTRICTOR_ID IS NULL AND REQUESTOR='##userId=''-42'' type=''user''' AND POS=0 AND BUILD_STATE_ID=1
COMMIT
INSERT INTO NODE_EVENTS VALUES(27,'queueChanged',NULL,NULL,NULL,'MAIN_SERVER','2019-07-09 20:55:02.036000')
COMMIT
INSERT INTO NODE_EVENTS VALUES(28,'buildStarted',1,NULL,NULL,'MAIN_SERVER','2019-07-09 20:55:02.043000')
COMMIT
INSERT INTO DATA_STORAGE_DICT VALUES(-1545243396608322937,'queueWaitReason:Build_settings_have_not_been_finalized')
COMMIT
INSERT INTO BUILD_DATA_STORAGE VALUES(1,-1545243396608322937,760.000000)
COMMIT
INSERT INTO NODE_TASKS VALUES(6,'buildChainChangesCollecting','1',1,NULL,NULL,'MAIN_SERVER',NULL,0,'2019-07-09 20:55:02.152000',NULL)
COMMIT
DELETE FROM NODE_TASKS WHERE ID=6
INSERT INTO NODE_TASKS VALUES(6,'buildChainChangesCollecting','1',1,NULL,NULL,'MAIN_SERVER','MAIN_SERVER',1,'2019-07-09 20:55:02.152000',NULL)
COMMIT
INSERT INTO BUILD_REVISIONS VALUES(1,1,'9490a86192145fb1d1e06836d0e9c6389bc3117d','9490a86192145fb1d1e06836d0e9c6389bc3117d','refs/heads/master',NULL,NULL,NULL)
INSERT INTO BUILD_CHECKOUT_RULES VALUES(1,'bt1',1,'')
DELETE FROM BUILD_STATE WHERE ID=1
INSERT INTO BUILD_STATE VALUES(1,1,'bt1',-1,-1,NULL,NULL,'0','0','0','0',NULL,1562705701181,1562705701720)
COMMIT
INSERT INTO BUILD_ATTRS VALUES(1,'teamcity.checkout.properties.hash','5fde4fc8f0d68b0b',NULL)
COMMIT
INSERT INTO NODE_EVENTS VALUES(29,'buildPromotionPersisted',1,NULL,NULL,'MAIN_SERVER','2019-07-09 20:55:03.353000')
COMMIT
DELETE FROM NODE_TASKS WHERE ID=6
INSERT INTO NODE_TASKS VALUES(6,'buildChainChangesCollecting','1',1,NULL,NULL,'MAIN_SERVER','MAIN_SERVER',63319901,'2019-07-09 20:55:02.152000','2019-07-09 20:55:03.363000')
COMMIT
INSERT INTO NODE_EVENTS VALUES(30,'changesLoaded',1,NULL,NULL,'MAIN_SERVER','2019-07-09 20:55:03.426000')
COMMIT
DELETE FROM RUNNING WHERE BUILD_ID=1
INSERT INTO RUNNING VALUES(1,1,'bt1',NULL,1562705701720,NULL,1562705701720,0,'1',1,'##userId=''-42'' type=''user''','EqcPccQEORtcWyJ4ZSBi6ycefKWM5x9A',NULL,NULL,1,1,NULL,'','')
COMMIT
DELETE FROM RUNNING WHERE BUILD_ID=1
INSERT INTO RUNNING VALUES(1,1,'bt1',1562705705755,1562705706192,NULL,1562705701720,0,'1',1,'##userId=''-42'' type=''user''','EqcPccQEORtcWyJ4ZSBi6ycefKWM5x9A',NULL,NULL,1,1,NULL,'','')
COMMIT
INSERT INTO NODE_EVENTS VALUES(31,'queueChanged',NULL,NULL,NULL,'MAIN_SERVER','2019-07-09 20:55:06.258000')
COMMIT
INSERT INTO DATA_STORAGE_DICT VALUES(6462680959755247356,'buildStageDuration:toolsUpdating')
COMMIT
INSERT INTO BUILD_DATA_STORAGE VALUES(1,6462680959755247356,29.000000)
COMMIT
/*C13*/INSERT INTO NODE_EVENTS VALUES(32,'buildArtifactsChanged',1,NULL,NULL,'MAIN_SERVER','2019-07-09 20:55:11.994000')
COMMIT
/*C12*/DELETE FROM RUNNING WHERE BUILD_ID=1
INSERT INTO RUNNING VALUES(1,1,'bt1',1562705705755,1562705706192,NULL,1562705711907,0,'1',1,'##userId=''-42'' type=''user''','EqcPccQEORtcWyJ4ZSBi6ycefKWM5x9A',NULL,NULL,1,1,NULL,'Publishing internal artifacts','Publishing internal artifacts')
COMMIT
DELETE FROM RUNNING WHERE BUILD_ID=1
INSERT INTO RUNNING VALUES(1,1,'bt1',1562705705755,1562705706192,NULL,1562705711924,0,'1',1,'##userId=''-42'' type=''user''','EqcPccQEORtcWyJ4ZSBi6ycefKWM5x9A',NULL,NULL,1,1,NULL,'Updating sources','Updating sources: Will use server side checkout: No supported VCS client found on the agent for vcs root ''https://github.com/schwrrring/teamcity.git#refs/heads/master''. Details: Unable to run git at path git')
COMMIT
INSERT INTO DATA_STORAGE_DICT VALUES(1662119473372385625,'buildStageDuration:sourcesUpdate')
COMMIT
INSERT INTO BUILD_DATA_STORAGE VALUES(1,1662119473372385625,7587.000000)
COMMIT
INSERT INTO DATA_STORAGE_DICT VALUES(4967928924983341179,'buildStageDuration:firstStepPreparation')
COMMIT
INSERT INTO BUILD_DATA_STORAGE VALUES(1,4967928924983341179,17.000000)
COMMIT
DELETE FROM RUNNING WHERE BUILD_ID=1
INSERT INTO RUNNING VALUES(1,1,'bt1',1562705705755,1562705706192,NULL,1562705719459,0,'1',1,'##userId=''-42'' type=''user''','EqcPccQEORtcWyJ4ZSBi6ycefKWM5x9A',NULL,NULL,1,1,NULL,NULL,'Build preparation done')
COMMIT
INSERT INTO DATA_STORAGE_DICT VALUES(-3811876622637497843,'buildStageDuration:buildFinishing')
COMMIT
INSERT INTO BUILD_DATA_STORAGE VALUES(1,-3811876622637497843,50.000000)
COMMIT
DELETE FROM RUNNING WHERE BUILD_ID=1
INSERT INTO RUNNING VALUES(1,1,'bt1',1562705705755,1562705706192,NULL,1562705719511,0,'1',1,'##userId=''-42'' type=''user''','EqcPccQEORtcWyJ4ZSBi6ycefKWM5x9A',NULL,NULL,1,1,NULL,'Publishing internal artifacts','Publishing internal artifacts')
COMMIT
DELETE FROM RUNNING WHERE BUILD_ID=1
INSERT INTO RUNNING VALUES(1,1,'bt1',1562705705755,1562705706192,NULL,1562705723487,0,'1',1,'##userId=''-42'' type=''user''','EqcPccQEORtcWyJ4ZSBi6ycefKWM5x9A',NULL,NULL,1,1,NULL,'Publishing internal artifacts','Publishing internal artifacts: Publishing 1 file using [ArtifactsCachePublisher]')
COMMIT
DELETE FROM RUNNING WHERE BUILD_ID=1
INSERT INTO RUNNING VALUES(1,1,'bt1',1562705705755,1562705706192,NULL,1562705723548,0,'1',1,'##userId=''-42'' type=''user''','EqcPccQEORtcWyJ4ZSBi6ycefKWM5x9A',NULL,NULL,1,1,NULL,'Publishing internal artifacts','Publishing internal artifacts: Publishing 1 file using [WebPublisher]')
COMMIT
INSERT INTO NODE_EVENTS VALUES(33,'buildArtifactsChanged',1,NULL,NULL,'MAIN_SERVER','2019-07-09 20:55:23.199000')
COMMIT
DELETE FROM RUNNING WHERE BUILD_ID=1
INSERT INTO RUNNING VALUES(1,1,'bt1',1562705705755,1562705706192,NULL,1562705723639,0,'1',1,'##userId=''-42'' type=''user''','EqcPccQEORtcWyJ4ZSBi6ycefKWM5x9A',NULL,NULL,1,1,NULL,NULL,'Publishing internal artifacts: Publishing 1 file using [WebPublisher]')
COMMIT
DELETE FROM RUNNING WHERE BUILD_ID=1
INSERT INTO RUNNING VALUES(1,1,'bt1',1562705705755,1562705706192,NULL,1562705723649,0,'1',1,'##userId=''-42'' type=''user''','EqcPccQEORtcWyJ4ZSBi6ycefKWM5x9A',NULL,NULL,1,1,NULL,NULL,'Publishing internal artifacts: Publishing 1 file using [WebPublisher]')
COMMIT
DELETE FROM RUNNING WHERE BUILD_ID=1
INSERT INTO RUNNING VALUES(1,1,'bt1',1562705705755,1562705706192,NULL,1562705719512,0,'1',1,'##userId=''-42'' type=''user''','EqcPccQEORtcWyJ4ZSBi6ycefKWM5x9A',NULL,NULL,1,1,NULL,'Publishing internal artifacts','Publishing internal artifacts')
COMMIT
DELETE FROM RUNNING WHERE BUILD_ID=1
INSERT INTO RUNNING VALUES(1,1,'bt1',1562705705755,1562705706192,NULL,1562705723767,0,'1',1,'##userId=''-42'' type=''user''','EqcPccQEORtcWyJ4ZSBi6ycefKWM5x9A',NULL,NULL,1,1,NULL,NULL,'Publishing internal artifacts')
COMMIT
DELETE FROM RUNNING WHERE BUILD_ID=1
INSERT INTO RUNNING VALUES(1,1,'bt1',1562705705755,1562705706192,NULL,1562705723817,0,'1',1,'##userId=''-42'' type=''user''','EqcPccQEORtcWyJ4ZSBi6ycefKWM5x9A',NULL,NULL,1,1,NULL,NULL,'Publishing internal artifacts')
COMMIT
INSERT INTO DATA_STORAGE_DICT VALUES(340349775839283755,'buildStageDuration:artifactsPublishing')
COMMIT
INSERT INTO BUILD_DATA_STORAGE VALUES(1,340349775839283755,4370.000000)
COMMIT
DELETE FROM RUNNING WHERE BUILD_ID=1
INSERT INTO RUNNING VALUES(1,1,'bt1',1562705705755,1562705706192,NULL,1562705723877,0,'1',1,'##userId=''-42'' type=''user''','EqcPccQEORtcWyJ4ZSBi6ycefKWM5x9A',NULL,NULL,1,1,NULL,NULL,'Build preparation done')
COMMIT
DELETE FROM RUNNING WHERE BUILD_ID=1
INSERT INTO RUNNING VALUES(1,1,'bt1',1562705705755,1562705706192,1562705723878,1562705723877,0,'1',1,'##userId=''-42'' type=''user''','EqcPccQEORtcWyJ4ZSBi6ycefKWM5x9A',NULL,NULL,1,1,NULL,NULL,'Build preparation done')
COMMIT
INSERT INTO DATA_STORAGE_DICT VALUES(9087962820595322767,'serverSideBuildFinishing')
COMMIT
INSERT INTO BUILD_DATA_STORAGE VALUES(1,9087962820595322767,-312.000000)
COMMIT
INSERT INTO NODE_TASKS VALUES(7,'finishBuild','finishBuild:1',1,NULL,NULL,'MAIN_SERVER',NULL,0,'2019-07-09 20:55:23.573000',NULL)
COMMIT
DELETE FROM NODE_TASKS WHERE ID=7
INSERT INTO NODE_TASKS VALUES(7,'finishBuild','finishBuild:1',1,NULL,NULL,'MAIN_SERVER','MAIN_SERVER',1,'2019-07-09 20:55:23.573000',NULL)
COMMIT
INSERT INTO STATS VALUES(1,0)
COMMIT
INSERT INTO HISTORY VALUES(1,'teamcity_agent_1','bt1',1562705706192,1562705705755,1562705723878,1,'Success',NULL,0,0,0,'1','##userId=''-42'' type=''user''',1,1)
COMMIT
DELETE FROM RUNNING WHERE BUILD_ID=1
COMMIT
INSERT INTO NODE_EVENTS VALUES(34,'buildFinished',1,NULL,NULL,'MAIN_SERVER','2019-07-09 20:55:23.905000')
COMMIT
DELETE FROM NODE_TASKS WHERE ID=7
INSERT INTO NODE_TASKS VALUES(7,'finishBuild','finishBuild:1',1,NULL,NULL,'MAIN_SERVER','MAIN_SERVER',53510232,'2019-07-09 20:55:23.573000','2019-07-09 20:55:23.925000')
COMMIT
INSERT INTO DATA_STORAGE_DICT VALUES(3014510524022395756,'ArtifactsSize')
COMMIT
INSERT INTO BUILD_DATA_STORAGE VALUES(1,3014510524022395756,10931.000000)
COMMIT
INSERT INTO DATA_STORAGE_DICT VALUES(-4924562750898875443,'BuildTestStatus')
COMMIT
INSERT INTO BUILD_DATA_STORAGE VALUES(1,-4924562750898875443,1.000000)
COMMIT
INSERT INTO DATA_STORAGE_DICT VALUES(-3896958621569208557,'SuccessRate')
COMMIT
INSERT INTO BUILD_DATA_STORAGE VALUES(1,-3896958621569208557,1.000000)
COMMIT
INSERT INTO DATA_STORAGE_DICT VALUES(-6371738409877395985,'TimeSpentInQueue')
COMMIT
INSERT INTO BUILD_DATA_STORAGE VALUES(1,-6371738409877395985,539.000000)
COMMIT
DELETE FROM CUSTOM_DATA_BODY WHERE ID=1 AND PART_NUM=0 AND TOTAL_PARTS=1 AND DATA_BODY='diskusagedata={"ver":1,"log":0,"art":0,"artI":0,"non":0,"totBuilds":0,"cleanBuilds":0,"cleanSize":0,"date":1562705471820}\u000a' AND UPDATE_DATE=1562705565317
INSERT INTO CUSTOM_DATA_BODY VALUES(1,0,1,'diskusagedata={"ver":2,"log":6212,"art":0,"artI":4652,"non":0,"builds":[[1,10864]],"totBuilds":1,"cleanBuilds":1,"cleanSize":0,"date":-1}\u000a',1562705805230)
COMMIT
DELETE FROM CUSTOM_DATA_BODY WHERE ID=8 AND PART_NUM=0 AND TOTAL_PARTS=1 AND DATA_BODY='lastCheckingForChangesTime=1562705617930\u000a' AND UPDATE_DATE=1562705685285
INSERT INTO CUSTOM_DATA_BODY VALUES(8,0,1,'lastCheckingForChangesTime=1562705768425\u000a',1562705805232)
COMMIT
DELETE FROM CUSTOM_DATA_BODY WHERE ID=3 AND PART_NUM=0 AND TOTAL_PARTS=1 AND DATA_BODY='##teamcity##:createTime=1562705617915\u000a##teamcity##:defaultBranch=refs/heads/master\u000arefs/heads/master=9490a86192145fb1d1e06836d0e9c6389bc3117d\u000a' AND UPDATE_DATE=1562705685286
INSERT INTO CUSTOM_DATA_BODY VALUES(3,0,1,'##teamcity##:createTime=1562705768419\u000a##teamcity##:defaultBranch=refs/heads/master\u000arefs/heads/master=9490a86192145fb1d1e06836d0e9c6389bc3117d\u000a',1562705805233)
COMMIT
DELETE FROM AGENT WHERE ID=1
INSERT INTO AGENT VALUES(1,'teamcity_agent_1','172.19.0.2',9090,1,1,1,1,1562705252780,1562705883044,NULL,'4c0e129efb5ffada886f6a6fd922579b',NULL,NULL)
COMMIT
INSERT INTO NODE_EVENTS VALUES(35,'agentUpdated',1,NULL,'66192:66192:66192-md5-0bd0383b0f81f70b96b05a5bd4396d81:66192-md5-0bd0383b0f81f70b96b05a5bd4396d81','MAIN_SERVER','2019-07-09 20:58:03.046000')
COMMIT
DELETE FROM CUSTOM_DATA_BODY WHERE ID=8 AND PART_NUM=0 AND TOTAL_PARTS=1 AND DATA_BODY='lastCheckingForChangesTime=1562705768425\u000a' AND UPDATE_DATE=1562705805232
INSERT INTO CUSTOM_DATA_BODY VALUES(8,0,1,'lastCheckingForChangesTime=1562705908707\u000a',1562705925185)
COMMIT
DELETE FROM CUSTOM_DATA_BODY WHERE ID=3 AND PART_NUM=0 AND TOTAL_PARTS=1 AND DATA_BODY='##teamcity##:createTime=1562705768419\u000a##teamcity##:defaultBranch=refs/heads/master\u000arefs/heads/master=9490a86192145fb1d1e06836d0e9c6389bc3117d\u000a' AND UPDATE_DATE=1562705805233
INSERT INTO CUSTOM_DATA_BODY VALUES(3,0,1,'##teamcity##:createTime=1562705908701\u000a##teamcity##:defaultBranch=refs/heads/master\u000arefs/heads/master=9490a86192145fb1d1e06836d0e9c6389bc3117d\u000a',1562705925187)
COMMIT
